<?xml version="1.0" encoding="UTF-8"?>
<!-- Generated by org.testng.reporters.JUnitXMLReporter -->
<testsuite ignored="0" hostname="DESKTOP-2U9NDB1" failures="0" tests="3" name="t2" time="118.816" errors="0" timestamp="2025-02-28T15:59:26 IST">
  <testcase classname="com.comcast.crm.contacttest.CreateContactTest" name="createContactTest" time="15.838"/>
  <testcase classname="com.comcast.crm.contacttest.CreateContactTest" name="createContactwithOrganizationnameTest" time="41.889"/>
  <testcase classname="com.comcast.crm.contacttest.CreateContactTest" name="createContactwithSupportDateTest" time="18.474"/>
</testsuite> <!-- t2 -->
