<?xml version="1.0" encoding="UTF-8"?>
<!-- Generated by org.testng.reporters.JUnitXMLReporter -->
<testsuite ignored="2" hostname="DESKTOP-2U9NDB1" failures="0" tests="6" name="Test" time="176.668" errors="0" timestamp="2025-03-17T21:50:23 IST">
  <testcase classname="com.comcast.crm.contacttest.CreateContactTest" name="createContactTest" time="22.21"/>
  <testcase classname="com.comcast.crm.contacttest.CreateContactTest" name="createContactwithOrganizationnameTest" time="33.515"/>
  <testcase classname="com.comcast.crm.contacttest.CreateContactTest" name="createContactwithSupportDateTest" time="17.783"/>
  <testcase classname="com.comcast.crm.orgtest.CreateOrganizationTest" name="createOrganizationTest" time="22.222"/>
  <testcase classname="com.comcast.crm.orgtest.CreateOrganizationTest" name="createOrganizationWithIndustryTest" time="18.58"/>
  <testcase classname="com.comcast.crm.orgtest.CreateOrganizationTest" name="createOrganizationWithPhoneNumberTest" time="16.963"/>
  <testcase classname="com.comcast.crm.baseclasstest.BaseClass" name="@AfterSuite configAS" time="0.0">
    <ignored/>
  </testcase> <!-- @AfterSuite configAS -->
  <testcase classname="com.comcast.crm.baseclasstest.BaseClass" name="@BeforeSuite configBS" time="0.0">
    <ignored/>
  </testcase> <!-- @BeforeSuite configBS -->
</testsuite> <!-- Test -->
