<?xml version="1.0" encoding="UTF-8"?>
<testng-results ignored="0" total="1" passed="1" failed="0" skipped="0">
  <reporter-output>
  </reporter-output>
  <suite started-at="2025-03-05T10:28:06 IST" name="Default suite" finished-at="2025-03-05T10:35:45 IST" duration-ms="459524">
    <groups>
      <group name="smokeTest">
        <method signature="CreateOrganizationTest.createOrganizationTest()[pri:0, instance:com.comcast.crm.orgtest.CreateOrganizationTest@62656be4]" name="createOrganizationTest" class="com.comcast.crm.orgtest.CreateOrganizationTest"/>
      </group> <!-- smokeTest -->
    </groups>
    <test started-at="2025-03-05T10:28:06 IST" name="Default test" finished-at="2025-03-05T10:35:45 IST" duration-ms="459524">
      <class name="com.comcast.crm.orgtest.CreateOrganizationTest">
        <test-method is-config="true" signature="configBS()[pri:0, instance:com.comcast.crm.orgtest.CreateOrganizationTest@62656be4]" started-at="2025-03-05T10:26:39 IST" name="configBS" finished-at="2025-03-05T10:28:06 IST" duration-ms="86777" status="PASS">
          <reporter-output>
          </reporter-output>
        </test-method> <!-- configBS -->
        <test-method is-config="true" signature="configBC()[pri:0, instance:com.comcast.crm.orgtest.CreateOrganizationTest@62656be4]" started-at="2025-03-05T10:28:06 IST" name="configBC" finished-at="2025-03-05T10:30:14 IST" duration-ms="127943" status="PASS">
          <reporter-output>
          </reporter-output>
        </test-method> <!-- configBC -->
        <test-method is-config="true" signature="configBM()[pri:0, instance:com.comcast.crm.orgtest.CreateOrganizationTest@62656be4]" started-at="2025-03-05T10:30:14 IST" name="configBM" finished-at="2025-03-05T10:31:14 IST" duration-ms="60299" status="PASS">
          <reporter-output>
          </reporter-output>
        </test-method> <!-- configBM -->
        <test-method signature="createOrganizationTest()[pri:0, instance:com.comcast.crm.orgtest.CreateOrganizationTest@62656be4]" started-at="2025-03-05T10:31:14 IST" name="createOrganizationTest" finished-at="2025-03-05T10:35:28 IST" duration-ms="254531" status="PASS">
          <reporter-output>
          </reporter-output>
        </test-method> <!-- createOrganizationTest -->
        <test-method is-config="true" signature="configAM()[pri:0, instance:com.comcast.crm.orgtest.CreateOrganizationTest@62656be4]" started-at="2025-03-05T10:35:29 IST" name="configAM" finished-at="2025-03-05T10:35:41 IST" duration-ms="12970" status="PASS">
          <reporter-output>
          </reporter-output>
        </test-method> <!-- configAM -->
        <test-method is-config="true" signature="configAC()[pri:0, instance:com.comcast.crm.orgtest.CreateOrganizationTest@62656be4]" started-at="2025-03-05T10:35:41 IST" name="configAC" finished-at="2025-03-05T10:35:45 IST" duration-ms="3627" status="PASS">
          <reporter-output>
          </reporter-output>
        </test-method> <!-- configAC -->
        <test-method is-config="true" signature="configAS()[pri:0, instance:com.comcast.crm.orgtest.CreateOrganizationTest@62656be4]" started-at="2025-03-05T10:35:45 IST" name="configAS" finished-at="2025-03-05T10:35:47 IST" duration-ms="2138" status="PASS">
          <reporter-output>
          </reporter-output>
        </test-method> <!-- configAS -->
      </class> <!-- com.comcast.crm.orgtest.CreateOrganizationTest -->
    </test> <!-- Default test -->
  </suite> <!-- Default suite -->
</testng-results>
