<?xml version="1.0" encoding="UTF-8"?>
<testng-results ignored="0" total="2" passed="2" failed="0" skipped="0">
  <reporter-output>
  </reporter-output>
  <suite started-at="2025-03-17T21:29:42 IST" name="Suite" finished-at="2025-03-17T21:31:40 IST" duration-ms="118366">
    <groups>
      <group name="smokeTest">
        <method signature="CreateContactTest.createContactTest()[pri:0, instance:com.comcast.crm.contacttest.CreateContactTest@2a3b5b47]" name="createContactTest" class="com.comcast.crm.contacttest.CreateContactTest"/>
        <method signature="CreateOrganizationTest.createOrganizationTest()[pri:0, instance:com.comcast.crm.orgtest.CreateOrganizationTest@4c371370]" name="createOrganizationTest" class="com.comcast.crm.orgtest.CreateOrganizationTest"/>
      </group> <!-- smokeTest -->
    </groups>
    <test started-at="2025-03-17T21:29:42 IST" name="Test" finished-at="2025-03-17T21:31:40 IST" duration-ms="118366">
      <class name="com.comcast.crm.orgtest.CreateOrganizationTest">
        <test-method is-config="true" signature="configBC()[pri:0, instance:com.comcast.crm.orgtest.CreateOrganizationTest@4c371370]" started-at="2025-03-17T21:31:10 IST" name="configBC" finished-at="2025-03-17T21:31:12 IST" duration-ms="2089" status="PASS">
          <reporter-output>
          </reporter-output>
        </test-method> <!-- configBC -->
        <test-method is-config="true" signature="configBM()[pri:0, instance:com.comcast.crm.orgtest.CreateOrganizationTest@4c371370]" started-at="2025-03-17T21:31:13 IST" name="configBM" finished-at="2025-03-17T21:31:14 IST" duration-ms="1845" status="PASS">
          <reporter-output>
          </reporter-output>
        </test-method> <!-- configBM -->
        <test-method signature="createOrganizationTest()[pri:0, instance:com.comcast.crm.orgtest.CreateOrganizationTest@4c371370]" started-at="2025-03-17T21:31:14 IST" name="createOrganizationTest" finished-at="2025-03-17T21:31:37 IST" duration-ms="22652" status="PASS">
          <reporter-output>
          </reporter-output>
        </test-method> <!-- createOrganizationTest -->
        <test-method is-config="true" signature="configAM()[pri:0, instance:com.comcast.crm.orgtest.CreateOrganizationTest@4c371370]" started-at="2025-03-17T21:31:37 IST" name="configAM" finished-at="2025-03-17T21:31:40 IST" duration-ms="3111" status="PASS">
          <reporter-output>
          </reporter-output>
        </test-method> <!-- configAM -->
        <test-method is-config="true" signature="configAC()[pri:0, instance:com.comcast.crm.orgtest.CreateOrganizationTest@4c371370]" started-at="2025-03-17T21:31:40 IST" name="configAC" finished-at="2025-03-17T21:31:40 IST" duration-ms="192" status="PASS">
          <reporter-output>
          </reporter-output>
        </test-method> <!-- configAC -->
      </class> <!-- com.comcast.crm.orgtest.CreateOrganizationTest -->
      <class name="com.comcast.crm.contacttest.CreateContactTest">
        <test-method is-config="true" signature="configBS()[pri:0, instance:com.comcast.crm.contacttest.CreateContactTest@2a3b5b47]" started-at="2025-03-17T21:29:31 IST" name="configBS" finished-at="2025-03-17T21:29:42 IST" duration-ms="10487" status="PASS">
          <reporter-output>
          </reporter-output>
        </test-method> <!-- configBS -->
        <test-method is-config="true" signature="configBC()[pri:0, instance:com.comcast.crm.contacttest.CreateContactTest@2a3b5b47]" started-at="2025-03-17T21:29:42 IST" name="configBC" finished-at="2025-03-17T21:29:47 IST" duration-ms="4587" status="PASS">
          <reporter-output>
          </reporter-output>
        </test-method> <!-- configBC -->
        <test-method is-config="true" signature="configBM()[pri:0, instance:com.comcast.crm.contacttest.CreateContactTest@2a3b5b47]" started-at="2025-03-17T21:29:47 IST" name="configBM" finished-at="2025-03-17T21:30:14 IST" duration-ms="27349" status="PASS">
          <reporter-output>
          </reporter-output>
        </test-method> <!-- configBM -->
        <test-method signature="createContactTest()[pri:0, instance:com.comcast.crm.contacttest.CreateContactTest@2a3b5b47]" started-at="2025-03-17T21:30:14 IST" name="createContactTest" finished-at="2025-03-17T21:31:06 IST" duration-ms="51531" status="PASS">
          <reporter-output>
          </reporter-output>
        </test-method> <!-- createContactTest -->
        <test-method is-config="true" signature="configAM()[pri:0, instance:com.comcast.crm.contacttest.CreateContactTest@2a3b5b47]" started-at="2025-03-17T21:31:06 IST" name="configAM" finished-at="2025-03-17T21:31:10 IST" duration-ms="4651" status="PASS">
          <reporter-output>
          </reporter-output>
        </test-method> <!-- configAM -->
        <test-method is-config="true" signature="configAC()[pri:0, instance:com.comcast.crm.contacttest.CreateContactTest@2a3b5b47]" started-at="2025-03-17T21:31:10 IST" name="configAC" finished-at="2025-03-17T21:31:10 IST" duration-ms="228" status="PASS">
          <reporter-output>
          </reporter-output>
        </test-method> <!-- configAC -->
        <test-method is-config="true" signature="configAS()[pri:0, instance:com.comcast.crm.contacttest.CreateContactTest@2a3b5b47]" started-at="2025-03-17T21:31:40 IST" name="configAS" finished-at="2025-03-17T21:31:40 IST" duration-ms="17" status="PASS">
          <reporter-output>
          </reporter-output>
        </test-method> <!-- configAS -->
      </class> <!-- com.comcast.crm.contacttest.CreateContactTest -->
    </test> <!-- Test -->
  </suite> <!-- Suite -->
</testng-results>
