<?xml version="1.0" encoding="UTF-8"?>
<testsuite xmlns:xsi="http://www.w3.org/2001/XMLSchema-instance" xsi:noNamespaceSchemaLocation="https://maven.apache.org/surefire/maven-surefire-plugin/xsd/surefire-test-report-3.0.xsd" version="3.0" name="TestSuite" time="183.996" tests="6" errors="0" skipped="0" failures="0">
  <properties>
[...]
</properties>
  <testcase name="createContactTest" classname="com.comcast.crm.contacttest.CreateContactTest" time="22.169">
    <system-out><![CDATA[Report Configuration
===Connected To DB & report config===
===Launch Browser===
===Login===
======>createContactTest<=====START====
]]></system-out>
    <system-err><![CDATA[SLF4J: Failed to load class "org.slf4j.impl.StaticLoggerBinder".
SLF4J: Defaulting to no-operation (NOP) logger implementation
SLF4J: See http://www.slf4j.org/codes.html#StaticLoggerBinder for further details.
Mar 17, 2025 9:47:22 PM io.opentelemetry.api.GlobalOpenTelemetry maybeAutoConfigureAndSetGlobal
INFO: AutoConfiguredOpenTelemetrySdk found on classpath but automatic configuration is disabled. To enable, run your JVM with -Dotel.java.global-autoconfigure.enabled=true
Mar 17, 2025 9:47:30 PM org.openqa.selenium.devtools.CdpVersionFinder findNearestMatch
WARNING: Unable to find an exact match for CDP version 134, returning the closest version; found: 131; Please update to a Selenium version that supports CDP version 134
]]></system-err>
  </testcase>
  <testcase name="createContactwithOrganizationnameTest" classname="com.comcast.crm.contacttest.CreateContactTest" time="32.731">
    <system-out><![CDATA[======>createContactTest<=====END====
===Logout===
===Login===
======>createContactwithOrganizationnameTest<=====START====
]]></system-out>
  </testcase>
  <testcase name="createContactwithSupportDateTest" classname="com.comcast.crm.contacttest.CreateContactTest" time="17.332">
    <system-out><![CDATA[======>createContactwithOrganizationnameTest<=====END====
===Logout===
===Login===
======>createContactwithSupportDateTest<=====START====
]]></system-out>
  </testcase>
  <testcase name="createOrganizationTest" classname="com.comcast.crm.orgtest.CreateOrganizationTest" time="22.205">
    <system-out><![CDATA[======>createContactwithSupportDateTest<=====END====
===Logout===
===Close Browser===
===Launch Browser===
===Login===
======>createOrganizationTest<=====START====
]]></system-out>
    <system-err><![CDATA[Mar 17, 2025 9:49:03 PM org.openqa.selenium.remote.http.WebSocket$Listener onError
WARNING: Connection reset
java.net.SocketException: Connection reset
	at java.base/sun.nio.ch.SocketChannelImpl.throwConnectionReset(SocketChannelImpl.java:403)
	at java.base/sun.nio.ch.SocketChannelImpl.implRead(SocketChannelImpl.java:435)
	at java.base/sun.nio.ch.SocketChannelImpl.read(SocketChannelImpl.java:493)
	at java.net.http/jdk.internal.net.http.SocketTube.readAvailable(SocketTube.java:1178)
	at java.net.http/jdk.internal.net.http.SocketTube$InternalReadPublisher$InternalReadSubscription.read(SocketTube.java:841)
	at java.net.http/jdk.internal.net.http.SocketTube$SocketFlowTask.run(SocketTube.java:181)
	at java.net.http/jdk.internal.net.http.common.SequentialScheduler$SchedulableTask.run(SequentialScheduler.java:207)
	at java.net.http/jdk.internal.net.http.common.SequentialScheduler.runOrSchedule(SequentialScheduler.java:280)
	at java.net.http/jdk.internal.net.http.common.SequentialScheduler.runOrSchedule(SequentialScheduler.java:233)
	at java.net.http/jdk.internal.net.http.SocketTube$InternalReadPublisher$InternalReadSubscription.signalReadable(SocketTube.java:782)
	at java.net.http/jdk.internal.net.http.SocketTube$InternalReadPublisher$ReadEvent.signalEvent(SocketTube.java:965)
	at java.net.http/jdk.internal.net.http.SocketTube$SocketFlowEvent.handle(SocketTube.java:253)
	at java.net.http/jdk.internal.net.http.HttpClientImpl$SelectorManager.handleEvent(HttpClientImpl.java:1476)
	at java.net.http/jdk.internal.net.http.HttpClientImpl$SelectorManager.lambda$run$3(HttpClientImpl.java:1421)
	at java.base/java.util.ArrayList.forEach(ArrayList.java:1597)
	at java.net.http/jdk.internal.net.http.HttpClientImpl$SelectorManager.run(HttpClientImpl.java:1421)

Mar 17, 2025 9:49:05 PM org.openqa.selenium.devtools.CdpVersionFinder findNearestMatch
WARNING: Unable to find an exact match for CDP version 134, returning the closest version; found: 131; Please update to a Selenium version that supports CDP version 134
]]></system-err>
  </testcase>
  <testcase name="createOrganizationWithIndustryTest" classname="com.comcast.crm.orgtest.CreateOrganizationTest" time="17.632">
    <system-out><![CDATA[======>createOrganizationTest<=====END====
===Logout===
===Login===
======>createOrganizationWithIndustryTest<=====START====
]]></system-out>
  </testcase>
  <testcase name="createOrganizationWithPhoneNumberTest" classname="com.comcast.crm.orgtest.CreateOrganizationTest" time="16.933">
    <system-out><![CDATA[======>createOrganizationWithIndustryTest<=====END====
===Logout===
===Login===
======>createOrganizationWithPhoneNumberTest<=====START====
]]></system-out>
  </testcase>
</testsuite>